%!Adobe-FontList 1.22
%Locale:0x409

%BeginFont
Handler:DirectoryHandler
FontType:TrueType
FontName:Montserrat-Medium
FamilyName:Montserrat
StyleName:Medium
MenuName:Montserrat Medium
StyleBits:0
WeightClass:500
WidthClass:5
AngleClass:0
FullName:Montserrat Medium
WritingScript:Roman
OutlineFileName:/Users/sackxay/iCloud Drive (Archive)/Documents/Graphic Design Program/Term 5/Computer Graphics/Week 14/Submission/How To Template/Document fonts/Montserrat-Medium.ttf
DataFormat:sfntData
hasSVG:no
VariableFontType:NonVariableFont
FileLength:260236
FileModTime:345445200
NameArray:0,Mac,4,Montserrat Medium
NameArray:0,Win,1,Montserrat Medium
NameArray:0,Win,16,Montserrat
%EndFont

%BeginFont
Handler:DirectoryHandler
FontType:TrueType
FontName:Montserrat-Regular
FamilyName:Montserrat
StyleName:Regular
MenuName:Montserrat
StyleBits:0
WeightClass:400
WidthClass:5
AngleClass:0
FullName:Montserrat Regular
WritingScript:Roman
OutlineFileName:/Users/sackxay/iCloud Drive (Archive)/Documents/Graphic Design Program/Term 5/Computer Graphics/Week 14/Submission/How To Template/Document fonts/Montserrat-Regular.ttf
DataFormat:sfntData
hasSVG:no
VariableFontType:NonVariableFont
FileLength:263192
FileModTime:345445200
NameArray:0,Mac,4,Montserrat Regular
NameArray:0,Win,1,Montserrat
%EndFont

%BeginFont
Handler:DirectoryHandler
FontType:TrueType
FontName:Montserrat-SemiBold
FamilyName:Montserrat
StyleName:SemiBold
MenuName:Montserrat SemiBold
StyleBits:0
WeightClass:600
WidthClass:5
AngleClass:0
FullName:Montserrat SemiBold
WritingScript:Roman
OutlineFileName:/Users/sackxay/iCloud Drive (Archive)/Documents/Graphic Design Program/Term 5/Computer Graphics/Week 14/Submission/How To Template/Document fonts/Montserrat-SemiBold.ttf
DataFormat:sfntData
hasSVG:no
VariableFontType:NonVariableFont
FileLength:260936
FileModTime:345445200
NameArray:0,Mac,4,Montserrat SemiBold
NameArray:0,Win,1,Montserrat SemiBold
NameArray:0,Win,16,Montserrat
%EndFont

